Removed Pin From Net: NetName=GND Pin=LED4-2
Removed Pin From Net: NetName=NetLED4_1 Pin=R14-1
Removed Pin From Net: NetName=VCC Pin=R14-2
Removed Pin From Net: NetName=LED4 Pin=U1-26
Change Component Footprint: Designator=J4 Old Footprint=KF2-7.62 New Footprint=KF2-5.08
Change Component Footprint: Designator=J5 Old Footprint=KF2-7.62 New Footprint=KF2-5.08
Change Component Footprint: Designator=J6 Old Footprint=KF2-7.62 New Footprint=KF2-5.08
Change Component Footprint: Designator=J7 Old Footprint=KF2-7.62 New Footprint=KF2-5.08
Change Component Footprint: Designator=LED4 Old Footprint=SM-LED-0805-Blue New Footprint=LED-5-BLUE
Change Component Designator: OldDesignator=C16 NewDesignator=C18
Change Component Designator: OldDesignator=C18 NewDesignator=C19
Change Component Designator: OldDesignator=C19 NewDesignator=C20
Change Component Designator: OldDesignator=C20 NewDesignator=C21
Change Component Designator: OldDesignator=C21 NewDesignator=C22
Change Component Designator: OldDesignator=C22 NewDesignator=C23
Change Component Designator: OldDesignator=C23 NewDesignator=C24
Change Component Designator: OldDesignator=C24 NewDesignator=C25
Change Component Designator: OldDesignator=J5 NewDesignator=J1
Change Component Designator: OldDesignator=J6 NewDesignator=J2
Change Component Designator: OldDesignator=J7 NewDesignator=J3
Change Component Designator: OldDesignator=R15 NewDesignator=R14
Added Component: Designator=C16(SM-0805)
Add component. Clean all parameters for all variants
Add component (AddParameter): Name = "Value"; Value = "103"; VariantName = "[No Variations]"
Added Component: Designator=C17(SM-0805)
Add component. Clean all parameters for all variants
Add component (AddParameter): Name = "Value"; Value = "103"; VariantName = "[No Variations]"
Added Component: Designator=LED5(LED-5-BLUE)
Add component. Clean all parameters for all variants
Added Component: Designator=LED6(LED-5-BLUE)
Add component. Clean all parameters for all variants
Added Component: Designator=LED7(LED-5-BLUE)
Add component. Clean all parameters for all variants
Added Component: Designator=R15(RES-SMD-0805)
Add component. Clean all parameters for all variants
Added Component: Designator=R16(RES-SMD-0805)
Add component. Clean all parameters for all variants
Added Component: Designator=R17(RES-SMD-0805)
Add component. Clean all parameters for all variants
Added Component: Designator=R18(RES-SMD-0805)
Add component. Clean all parameters for all variants
Added Pin To Net: NetName=GND Pin=C16-1
Added Pin To Net: NetName=VCC Pin=C16-2
Added Pin To Net: NetName=GND Pin=C17-1
Added Pin To Net: NetName=VCC Pin=C17-2
Added Pin To Net: NetName=NetLED4_1 Pin=R15-1
Added Pin To Net: NetName=VCC Pin=R15-2
Added Pin To Net: NetName=VCC Pin=R16-2
Added Pin To Net: NetName=VCC Pin=R17-2
Added Pin To Net: NetName=VCC Pin=R18-2
Added Pin To Net: NetName=LED4 Pin=U1-14
Added Pin To Net: NetName=SWIM Pin=U1-26
Change Net Name : Old Net Name=NetC18_2 New Net Name=NetC19_2
Change Net Name : Old Net Name=NetC19_2 New Net Name=NetC20_2
Change Net Name : Old Net Name=NetC20_2 New Net Name=NetC21_2
Change Net Name : Old Net Name=NetJ5_1 New Net Name=NetJ1_1
Change Net Name : Old Net Name=NetJ6_1 New Net Name=NetJ2_1
Change Net Name : Old Net Name=NetJ7_1 New Net Name=NetJ3_1
Added Pin To Net: NetName=NetLED4_2 Pin=LED4-2
Added Pin To Net: NetName=NetLED4_2 Pin=U1-12
Added Net: Name=NetLED4_2
Added Pin To Net: NetName=NetLED5_1 Pin=LED5-1
Added Pin To Net: NetName=NetLED5_1 Pin=R16-1
Added Net: Name=NetLED5_1
Added Pin To Net: NetName=NetLED5_2 Pin=LED5-2
Added Pin To Net: NetName=NetLED5_2 Pin=U1-11
Added Net: Name=NetLED5_2
Added Pin To Net: NetName=NetLED6_1 Pin=LED6-1
Added Pin To Net: NetName=NetLED6_1 Pin=R17-1
Added Net: Name=NetLED6_1
Added Pin To Net: NetName=NetLED6_2 Pin=LED6-2
Added Pin To Net: NetName=NetLED6_2 Pin=U1-17
Added Net: Name=NetLED6_2
Added Pin To Net: NetName=NetLED7_1 Pin=LED7-1
Added Pin To Net: NetName=NetLED7_1 Pin=R18-1
Added Net: Name=NetLED7_1
Added Pin To Net: NetName=NetLED7_2 Pin=LED7-2
Added Pin To Net: NetName=NetLED7_2 Pin=U1-8
Added Net: Name=NetLED7_2
Added Member To Class: ClassName=DS18B20_Control_Industry Member=Component C17 104
Added Member To Class: ClassName=DS18B20_Control_Industry Member=Component C25 104
Added Member To Class: ClassName=DS18B20_Control_Industry Member=Component J1 KF2
Added Member To Class: ClassName=DS18B20_Control_Industry Member=Component LED5 LED
Added Member To Class: ClassName=DS18B20_Control_Industry Member=Component LED6 LED
Added Member To Class: ClassName=DS18B20_Control_Industry Member=Component LED7 LED
Added Member To Class: ClassName=DS18B20_Control_Industry Member=Component R16 10k
Added Member To Class: ClassName=DS18B20_Control_Industry Member=Component R17 10k
Added Member To Class: ClassName=DS18B20_Control_Industry Member=Component R18 10k
Added Room: Name=DS18B20_Control_Industry
