Removed Pin From Net: NetName=GND Pin=SW1-3
Removed Pin From Net: NetName=RESET Pin=SW1-4
Removed Pin From Net: NetName=GND Pin=SW2-3
Removed Pin From Net: NetName=MODE Pin=SW2-4
Removed Pin From Net: NetName=GND Pin=SW3-3
Removed Pin From Net: NetName=UP Pin=SW3-4
Removed Pin From Net: NetName=GND Pin=SW4-3
Removed Pin From Net: NetName=DOWN Pin=SW4-4
Removed Pin From Net: NetName=GND Pin=SW5-3
Removed Pin From Net: NetName=START Pin=SW5-4
Removed Pin From Net: NetName=GND Pin=SW6-3
Removed Pin From Net: NetName=STOP Pin=SW6-4
Removed Pin From Net: NetName=GND Pin=SW7-3
Removed Pin From Net: NetName=LIGHT Pin=SW7-4
Added Pin To Net: NetName=RESET Pin=SW1-3
Added Pin To Net: NetName=GND Pin=SW1-4
Added Pin To Net: NetName=MODE Pin=SW2-3
Added Pin To Net: NetName=GND Pin=SW2-4
Added Pin To Net: NetName=UP Pin=SW3-3
Added Pin To Net: NetName=GND Pin=SW3-4
Added Pin To Net: NetName=DOWN Pin=SW4-3
Added Pin To Net: NetName=GND Pin=SW4-4
Added Pin To Net: NetName=START Pin=SW5-3
Added Pin To Net: NetName=GND Pin=SW5-4
Added Pin To Net: NetName=STOP Pin=SW6-3
Added Pin To Net: NetName=GND Pin=SW6-4
Added Pin To Net: NetName=LIGHT Pin=SW7-3
Added Pin To Net: NetName=GND Pin=SW7-4
Added Room: Name=DS18B20_Control_Industry
